  [1m[35m (1.3ms)[0m  [1m[34mSELECT pg_try_advisory_lock(7014937315613811570)[0m
  [1m[36mActiveRecord::SchemaMigration Pluck (1.7ms)[0m  [1m[34mSELECT "schema_migrations"."version" FROM "schema_migrations" ORDER BY "schema_migrations"."version" ASC[0m
Migrating to CreateGreetings (20221217193855)
  [1m[36mTRANSACTION (0.2ms)[0m  [1m[35mBEGIN[0m
  [1m[35m (9.7ms)[0m  [1m[35mCREATE TABLE "greetings" ("id" bigserial primary key, "message" character varying, "created_at" timestamp(6) NOT NULL, "updated_at" timestamp(6) NOT NULL)[0m
  [1m[36mTRANSACTION (0.2ms)[0m  [1m[31mROLLBACK[0m
  [1m[35m (0.3ms)[0m  [1m[34mSELECT pg_advisory_unlock(7014937315613811570)[0m
  [1m[35m (1.0ms)[0m  [1m[35mCREATE DATABASE "ror_react_webpack_helloworld_development" ENCODING = 'unicode'[0m
  [1m[35m (2622.7ms)[0m  [1m[35mCREATE DATABASE "ror_react_webpack_development" ENCODING = 'unicode'[0m
  [1m[35m (0.8ms)[0m  [1m[35mCREATE DATABASE "ror_react_webpack_development" ENCODING = 'unicode'[0m
  [1m[35m (15.4ms)[0m  [1m[35mCREATE TABLE "schema_migrations" ("version" character varying NOT NULL PRIMARY KEY)[0m
  [1m[35m (6.3ms)[0m  [1m[35mCREATE TABLE "ar_internal_metadata" ("key" character varying NOT NULL PRIMARY KEY, "value" character varying, "created_at" timestamp(6) NOT NULL, "updated_at" timestamp(6) NOT NULL)[0m
  [1m[35m (0.4ms)[0m  [1m[34mSELECT pg_try_advisory_lock(494172283576046145)[0m
  [1m[36mActiveRecord::SchemaMigration Pluck (0.8ms)[0m  [1m[34mSELECT "schema_migrations"."version" FROM "schema_migrations" ORDER BY "schema_migrations"."version" ASC[0m
Migrating to CreateGreetings (20221217193855)
  [1m[36mTRANSACTION (0.4ms)[0m  [1m[35mBEGIN[0m
  [1m[35m (7.4ms)[0m  [1m[35mCREATE TABLE "greetings" ("id" bigserial primary key, "message" character varying, "created_at" timestamp(6) NOT NULL, "updated_at" timestamp(6) NOT NULL)[0m
  [1m[36mActiveRecord::SchemaMigration Create (1.1ms)[0m  [1m[32mINSERT INTO "schema_migrations" ("version") VALUES ($1) RETURNING "version"[0m  [["version", "20221217193855"]]
  [1m[36mTRANSACTION (1.0ms)[0m  [1m[35mCOMMIT[0m
  [1m[36mActiveRecord::InternalMetadata Load (0.5ms)[0m  [1m[34mSELECT "ar_internal_metadata".* FROM "ar_internal_metadata" WHERE "ar_internal_metadata"."key" = $1 LIMIT $2[0m  [["key", "environment"], ["LIMIT", 1]]
  [1m[36mTRANSACTION (0.3ms)[0m  [1m[35mBEGIN[0m
  [1m[36mActiveRecord::InternalMetadata Create (0.6ms)[0m  [1m[32mINSERT INTO "ar_internal_metadata" ("key", "value", "created_at", "updated_at") VALUES ($1, $2, $3, $4) RETURNING "key"[0m  [["key", "environment"], ["value", "development"], ["created_at", "2022-12-17 19:42:22.223999"], ["updated_at", "2022-12-17 19:42:22.223999"]]
  [1m[36mTRANSACTION (0.7ms)[0m  [1m[35mCOMMIT[0m
  [1m[35m (0.3ms)[0m  [1m[34mSELECT pg_advisory_unlock(494172283576046145)[0m
  [1m[36mActiveRecord::SchemaMigration Pluck (0.6ms)[0m  [1m[34mSELECT "schema_migrations"."version" FROM "schema_migrations" ORDER BY "schema_migrations"."version" ASC[0m
  [1m[36mActiveRecord::SchemaMigration Pluck (0.5ms)[0m  [1m[34mSELECT "schema_migrations"."version" FROM "schema_migrations" ORDER BY "schema_migrations"."version" ASC[0m
  [1m[36mTRANSACTION (0.4ms)[0m  [1m[35mBEGIN[0m
  [1m[36mGreeting Create (1.2ms)[0m  [1m[32mINSERT INTO "greetings" ("message", "created_at", "updated_at") VALUES ($1, $2, $3) RETURNING "id"[0m  [["message", "Hey!"], ["created_at", "2022-12-17 19:42:32.725996"], ["updated_at", "2022-12-17 19:42:32.725996"]]
  [1m[36mTRANSACTION (2.6ms)[0m  [1m[35mCOMMIT[0m
  [1m[36mTRANSACTION (0.3ms)[0m  [1m[35mBEGIN[0m
  [1m[36mGreeting Create (0.6ms)[0m  [1m[32mINSERT INTO "greetings" ("message", "created_at", "updated_at") VALUES ($1, $2, $3) RETURNING "id"[0m  [["message", "Wassup!"], ["created_at", "2022-12-17 19:42:32.759962"], ["updated_at", "2022-12-17 19:42:32.759962"]]
  [1m[36mTRANSACTION (1.3ms)[0m  [1m[35mCOMMIT[0m
  [1m[36mTRANSACTION (0.2ms)[0m  [1m[35mBEGIN[0m
  [1m[36mGreeting Create (0.6ms)[0m  [1m[32mINSERT INTO "greetings" ("message", "created_at", "updated_at") VALUES ($1, $2, $3) RETURNING "id"[0m  [["message", "Hello Reviewer!"], ["created_at", "2022-12-17 19:42:32.769224"], ["updated_at", "2022-12-17 19:42:32.769224"]]
  [1m[36mTRANSACTION (1.2ms)[0m  [1m[35mCOMMIT[0m
  [1m[36mTRANSACTION (0.3ms)[0m  [1m[35mBEGIN[0m
  [1m[36mGreeting Create (0.6ms)[0m  [1m[32mINSERT INTO "greetings" ("message", "created_at", "updated_at") VALUES ($1, $2, $3) RETURNING "id"[0m  [["message", "Argentina!"], ["created_at", "2022-12-17 19:42:32.778036"], ["updated_at", "2022-12-17 19:42:32.778036"]]
  [1m[36mTRANSACTION (2.0ms)[0m  [1m[35mCOMMIT[0m
  [1m[36mTRANSACTION (0.2ms)[0m  [1m[35mBEGIN[0m
  [1m[36mGreeting Create (0.5ms)[0m  [1m[32mINSERT INTO "greetings" ("message", "created_at", "updated_at") VALUES ($1, $2, $3) RETURNING "id"[0m  [["message", "Lionel Messi World Cup Champion"], ["created_at", "2022-12-17 19:42:32.787237"], ["updated_at", "2022-12-17 19:42:32.787237"]]
  [1m[36mTRANSACTION (0.8ms)[0m  [1m[35mCOMMIT[0m
Started GET "/" for 127.0.0.1 at 2022-12-17 15:50:30 -0400
  [1m[36mActiveRecord::SchemaMigration Pluck (0.8ms)[0m  [1m[34mSELECT "schema_migrations"."version" FROM "schema_migrations" ORDER BY "schema_migrations"."version" ASC[0m
Processing by RootController#index as HTML
  Rendering layout layouts/application.html.erb
  Rendering root/index.html.erb within layouts/application
  Rendered root/index.html.erb within layouts/application (Duration: 3.2ms | Allocations: 390)
  Rendered layout layouts/application.html.erb (Duration: 515.3ms | Allocations: 67536)
Completed 200 OK in 539ms (Views: 523.2ms | ActiveRecord: 0.0ms | Allocations: 71701)


Started GET "/greetings/random" for 127.0.0.1 at 2022-12-17 15:50:31 -0400
Processing by GreetingsController#random as JSON
  Parameters: {"greeting"=>{}}
  [1m[36mGreeting Load (0.7ms)[0m  [1m[34mSELECT "greetings".* FROM "greetings"[0m
  ↳ app/controllers/greetings_controller.rb:3:in `random'
Completed 200 OK in 22ms (Views: 1.5ms | ActiveRecord: 12.3ms | Allocations: 4236)


Started GET "/" for 127.0.0.1 at 2022-12-17 15:50:35 -0400
Processing by RootController#index as HTML
  Rendering layout layouts/application.html.erb
  Rendering root/index.html.erb within layouts/application
  Rendered root/index.html.erb within layouts/application (Duration: 0.1ms | Allocations: 9)
  Rendered layout layouts/application.html.erb (Duration: 4.1ms | Allocations: 2153)
Completed 200 OK in 5ms (Views: 4.8ms | ActiveRecord: 0.0ms | Allocations: 2428)


Started GET "/greetings/random" for 127.0.0.1 at 2022-12-17 15:50:35 -0400
Processing by GreetingsController#random as JSON
  Parameters: {"greeting"=>{}}
  [1m[36mGreeting Load (0.7ms)[0m  [1m[34mSELECT "greetings".* FROM "greetings"[0m
  ↳ app/controllers/greetings_controller.rb:3:in `random'
Completed 200 OK in 4ms (Views: 0.7ms | ActiveRecord: 0.7ms | Allocations: 805)


Started GET "/" for 127.0.0.1 at 2022-12-17 15:50:36 -0400
Processing by RootController#index as HTML
  Rendering layout layouts/application.html.erb
  Rendering root/index.html.erb within layouts/application
  Rendered root/index.html.erb within layouts/application (Duration: 0.0ms | Allocations: 7)
  Rendered layout layouts/application.html.erb (Duration: 3.5ms | Allocations: 1967)
Completed 200 OK in 5ms (Views: 4.1ms | ActiveRecord: 0.0ms | Allocations: 2207)


Started GET "/greetings/random" for 127.0.0.1 at 2022-12-17 15:50:36 -0400
Processing by GreetingsController#random as JSON
  Parameters: {"greeting"=>{}}
  [1m[36mGreeting Load (0.5ms)[0m  [1m[34mSELECT "greetings".* FROM "greetings"[0m
  ↳ app/controllers/greetings_controller.rb:3:in `random'
Completed 200 OK in 3ms (Views: 0.6ms | ActiveRecord: 0.5ms | Allocations: 740)


Started GET "/" for 127.0.0.1 at 2022-12-17 15:50:37 -0400
Processing by RootController#index as HTML
  Rendering layout layouts/application.html.erb
  Rendering root/index.html.erb within layouts/application
  Rendered root/index.html.erb within layouts/application (Duration: 0.1ms | Allocations: 7)
  Rendered layout layouts/application.html.erb (Duration: 3.7ms | Allocations: 1960)
Completed 200 OK in 5ms (Views: 4.3ms | ActiveRecord: 0.0ms | Allocations: 2196)


Started GET "/greetings/random" for 127.0.0.1 at 2022-12-17 15:50:37 -0400
Processing by GreetingsController#random as JSON
  Parameters: {"greeting"=>{}}
  [1m[36mGreeting Load (0.5ms)[0m  [1m[34mSELECT "greetings".* FROM "greetings"[0m
  ↳ app/controllers/greetings_controller.rb:3:in `random'
Completed 200 OK in 4ms (Views: 0.6ms | ActiveRecord: 0.5ms | Allocations: 730)


